<?xml version="1.0" encoding="UTF-8"?>
<testng-results skipped="0" failed="0" ignored="0" total="1" passed="1">
  <reporter-output>
  </reporter-output>
  <suite name="Default suite" duration-ms="8259" started-at="2019-03-07T12:45:01Z" finished-at="2019-03-07T12:45:09Z">
    <groups>
    </groups>
    <test name="Default test" duration-ms="8259" started-at="2019-03-07T12:45:01Z" finished-at="2019-03-07T12:45:09Z">
      <class name="mavenProject.FacebookJenkins">
        <test-method status="PASS" signature="beforeTest()[pri:0, instance:mavenProject.FacebookJenkins@7c16905e]" name="beforeTest" is-config="true" duration-ms="6172" started-at="2019-03-07T18:15:01Z" finished-at="2019-03-07T18:15:07Z">
          <reporter-output>
          </reporter-output>
        </test-method> <!-- beforeTest -->
        <test-method status="PASS" signature="f()[pri:0, instance:mavenProject.FacebookJenkins@7c16905e]" name="f" duration-ms="1249" started-at="2019-03-07T18:15:07Z" finished-at="2019-03-07T18:15:08Z">
          <reporter-output>
          </reporter-output>
        </test-method> <!-- f -->
        <test-method status="PASS" signature="afterTest()[pri:0, instance:mavenProject.FacebookJenkins@7c16905e]" name="afterTest" is-config="true" duration-ms="809" started-at="2019-03-07T18:15:08Z" finished-at="2019-03-07T18:15:09Z">
          <reporter-output>
          </reporter-output>
        </test-method> <!-- afterTest -->
      </class> <!-- mavenProject.FacebookJenkins -->
    </test> <!-- Default test -->
  </suite> <!-- Default suite -->
</testng-results>
