<?xml version="1.0" encoding="UTF-8"?>
<testng-results skipped="0" failed="0" ignored="0" total="1" passed="1">
  <reporter-output>
  </reporter-output>
  <suite name="Default suite" duration-ms="5446" started-at="2019-03-07T09:50:28Z" finished-at="2019-03-07T09:50:34Z">
    <groups>
    </groups>
    <test name="Default test" duration-ms="5446" started-at="2019-03-07T09:50:28Z" finished-at="2019-03-07T09:50:34Z">
      <class name="mavenProject.Google">
        <test-method status="PASS" signature="LaunchAppTest()[pri:0, instance:mavenProject.Google@7c16905e]" name="LaunchAppTest" is-config="true" duration-ms="4725" started-at="2019-03-07T15:20:28Z" finished-at="2019-03-07T15:20:33Z">
          <reporter-output>
          </reporter-output>
        </test-method> <!-- LaunchAppTest -->
        <test-method status="PASS" signature="LaunchTest()[pri:0, instance:mavenProject.Google@7c16905e]" name="LaunchTest" duration-ms="14" started-at="2019-03-07T15:20:33Z" finished-at="2019-03-07T15:20:33Z">
          <reporter-output>
          </reporter-output>
        </test-method> <!-- LaunchTest -->
        <test-method status="PASS" signature="CrowserCloseTest()[pri:0, instance:mavenProject.Google@7c16905e]" name="CrowserCloseTest" is-config="true" duration-ms="690" started-at="2019-03-07T15:20:33Z" finished-at="2019-03-07T15:20:34Z">
          <reporter-output>
          </reporter-output>
        </test-method> <!-- CrowserCloseTest -->
      </class> <!-- mavenProject.Google -->
    </test> <!-- Default test -->
  </suite> <!-- Default suite -->
</testng-results>
